<?xml version="1.0" encoding="UTF-8"?>
<testsuite xmlns:xsi="http://www.w3.org/2001/XMLSchema-instance" xsi:noNamespaceSchemaLocation="https://maven.apache.org/surefire/maven-surefire-plugin/xsd/surefire-test-report.xsd" name="spring.security.jwt.service.impl.UserTest" time="18.164" tests="4" errors="0" skipped="0" failures="0">
  <properties>
[...]
</properties>
  <testcase name="existsUserByLoginAndPassword" classname="spring.security.jwt.service.impl.UserTest" time="0.619"/>
  <testcase name="activate" classname="spring.security.jwt.service.impl.UserTest" time="0.021"/>
  <testcase name="existsUserByLogin" classname="spring.security.jwt.service.impl.UserTest" time="0.04"/>
  <testcase name="isActive" classname="spring.security.jwt.service.impl.UserTest" time="0.012"/>
</testsuite>